mktexpk --mfmode / --bdpi 600 --mag 1+57/600 --dpi 657 uniyou20
mktexpk --mfmode / --bdpi 600 --mag 1+57/600 --dpi 657 uniyou20
mktexpk --mfmode / --bdpi 600 --mag 1+57/600 --dpi 657 uniyou20
mktexpk --mfmode / --bdpi 600 --mag 1+57/600 --dpi 657 uniyou20
mktexpk --mfmode / --bdpi 600 --mag 1+57/600 --dpi 657 uniyou20
mktexpk --mfmode / --bdpi 600 --mag 1+57/600 --dpi 657 uniyou20
mktexpk --mfmode / --bdpi 600 --mag 0+540/600 --dpi 540 uniyou20
mktexpk --mfmode / --bdpi 600 --mag 0+540/600 --dpi 540 uniyou20
mktexpk --mfmode / --bdpi 600 --mag 0+540/600 --dpi 540 uniyou20
mktexpk --mfmode / --bdpi 600 --mag 0+540/600 --dpi 540 uniyou20
mktexpk --mfmode / --bdpi 600 --mag 0+540/600 --dpi 540 uniyou20
mktexpk --mfmode / --bdpi 600 --mag 0+540/600 --dpi 540 uniyou20
mktexpk --mfmode / --bdpi 600 --mag 0+540/600 --dpi 540 uniyou20
mktexpk --mfmode / --bdpi 600 --mag 1+57/600 --dpi 657 uniyou20
mktextfm Consolas
mktextfm Consolas
mktextfm Consolas
mktextfm Consolas/BI
mktextfm Consolas
mktextfm Consolas/B
mktextfm Consolas
mktextfm Consolas/I
mktextfm Consolas
mktextfm Consolas
mktextfm Consolas
mktextfm Consolas
mktextfm Consolas
